<?xml version="1.0" encoding="UTF-8"?>
<!-- Generated by org.testng.reporters.JUnitReportReporter -->
<testsuite hostname="Vinay" failures="0" tests="1" name="Product.CreateProduct_AndDelete" time="37.778" errors="0" timestamp="2023-04-10T19:43:33 IST" skipped="0">
  <testcase classname="Product.CreateProduct_AndDelete" name="createProduct_AndDelete" time="37.778"/>
  <system-out/>
</testsuite> <!-- Product.CreateProduct_AndDelete -->
