<?xml version="1.0" encoding="UTF-8"?>
<!-- Generated by org.testng.reporters.JUnitReportReporter -->
<testsuite hostname="Vinay" failures="0" tests="3" name="TestNg.SampleTestNg" time="0.004" errors="0" timestamp="2023-04-10T19:00:25 IST" skipped="0">
  <testcase classname="TestNg.SampleTestNg" name="modifyContact" time="0.001"/>
  <system-out/>
  <testcase classname="TestNg.SampleTestNg" name="createContact" time="0.001"/>
  <system-out/>
  <testcase classname="TestNg.SampleTestNg" name="deleteContact" time="0.002"/>
  <system-out/>
</testsuite> <!-- TestNg.SampleTestNg -->
