<?xml version="1.0" encoding="UTF-8"?>
<!-- Generated by org.testng.reporters.JUnitReportReporter -->
<testsuite hostname="Vinay" failures="0" tests="3" name="Practice.DataProviderWithExcel" time="0.016" errors="0" timestamp="2023-05-30T09:20:43 IST" skipped="0">
  <testcase classname="Practice.DataProviderWithExcel" name="bookTickets" time="0.011"/>
  <system-out/>
  <testcase classname="Practice.DataProviderWithExcel" name="bookTickets" time="0.003"/>
  <system-out/>
  <testcase classname="Practice.DataProviderWithExcel" name="bookTickets" time="0.002"/>
  <system-out/>
</testsuite> <!-- Practice.DataProviderWithExcel -->
