<?xml version="1.0" encoding="UTF-8"?>
<!-- Generated by org.testng.reporters.JUnitReportReporter -->
<testsuite hostname="Vinay" failures="0" tests="3" name="Practice.DataProviderExample" time="0.018" errors="0" timestamp="2023-04-14T11:03:00 IST" skipped="0">
  <testcase classname="Practice.DataProviderExample" name="ticketBooking" time="0.010"/>
  <system-out/>
  <testcase classname="Practice.DataProviderExample" name="ticketBooking" time="0.003"/>
  <system-out/>
  <testcase classname="Practice.DataProviderExample" name="ticketBooking" time="0.005"/>
  <system-out/>
</testsuite> <!-- Practice.DataProviderExample -->
