<?xml version="1.0" encoding="UTF-8"?>
<!-- Generated by org.testng.reporters.JUnitReportReporter -->
<testsuite hostname="Vinay" failures="0" tests="1" name="Product.CreateAndDeletePOM" time="54.229" errors="0" timestamp="2023-04-30T12:34:06 IST" skipped="0">
  <testcase classname="Product.CreateAndDeletePOM" name="createAndDeletePOM" time="54.229"/>
  <system-out/>
</testsuite> <!-- Product.CreateAndDeletePOM -->
