<?xml version="1.0" encoding="UTF-8"?>
<!-- Generated by org.testng.reporters.JUnitReportReporter -->
<testsuite hostname="Vinay" failures="0" tests="1" name="Campaign.CampaignwithProductPOM" time="26.848" errors="0" timestamp="2023-04-30T12:34:06 IST" skipped="0">
  <testcase classname="Campaign.CampaignwithProductPOM" name="campaignwithProductPOM" time="26.848"/>
  <system-out/>
</testsuite> <!-- Campaign.CampaignwithProductPOM -->
