<?xml version="1.0" encoding="UTF-8"?>
<!-- Generated by org.testng.reporters.JUnitReportReporter -->
<testsuite hostname="Vinay" failures="0" tests="3" name="Practice.DataProviderWithExcel" time="0.014" errors="0" timestamp="2023-04-14T15:19:05 IST" skipped="0">
  <testcase classname="Practice.DataProviderWithExcel" name="bookTickets" time="0.002"/>
  <system-out/>
  <testcase classname="Practice.DataProviderWithExcel" name="bookTickets" time="0.010"/>
  <system-out/>
  <testcase classname="Practice.DataProviderWithExcel" name="bookTickets" time="0.002"/>
  <system-out/>
</testsuite> <!-- Practice.DataProviderWithExcel -->
