<?xml version="1.0" encoding="UTF-8"?>
<!-- Generated by org.testng.reporters.JUnitReportReporter -->
<testsuite hostname="Vinay" failures="0" tests="1" name="Organization.CreateOrganizationPOM" time="22.564" errors="0" timestamp="2023-04-30T12:34:06 IST" skipped="0">
  <testcase classname="Organization.CreateOrganizationPOM" name="createOrganizationPOM" time="22.564"/>
  <system-out/>
</testsuite> <!-- Organization.CreateOrganizationPOM -->
